date: 2013-10-13 16:44:16.114
argv: node /usr/local/bin/hexo deploy --generate
os: Darwin 12.5.0 darwin x64
version:
  hexo: 2.2.1
  http_parser: 1.0
  node: 0.10.20
  v8: 3.14.5.9
  ares: 1.9.0-DEV
  uv: 0.10.17
  zlib: 1.2.3
  modules: 11
  openssl: 1.0.1e
---

[debug] 16:44:15.552 Configuration file load successfully
[debug] 16:44:15.554 Version info checked successfully
[debug] 16:44:15.555 Loading the database...
[debug] 16:44:15.719 Theme layout loaded
[debug] 16:44:15.730 Theme configuration loaded
[debug] 16:44:15.791 Theme source loaded
[debug] 16:44:15.808 Theme i18n loaded
[debug] 16:44:15.823 Processed: _posts/hello-world.md
[debug] 16:44:15.857 Cache saved
[info] 16:44:15.858 Files loaded in 0.159s
[debug] 16:44:15.876 Public folder cleared: fancybox/blank.gif,fancybox/fancybox_loading.gif,fancybox/fancybox_overlay.png,fancybox/fancybox_sprite.png,fancybox/jquery.fancybox.css,fancybox/jquery.fancybox.pack.js,js/gallery.js,js/jquery.imagesloaded.min.js,js/moment.min.js,js/twitter.js,css/style.css,css/font/fontawesome-webfont.eot,css/font/fontawesome-webfont.svg,css/font/fontawesome-webfont.ttf,css/font/fontawesome-webfont.woff,archives/index.html,archives/2013/index.html,archives/2013/10/index.html,index.html,2013/10/13/hello-world/index.html
[debug] 16:44:15.881 Render archive: archives/
[debug] 16:44:15.882 Render archive: archives/2013/
[debug] 16:44:15.883 Render archive: archives/2013/10/
[debug] 16:44:15.883 Render index: 
[debug] 16:44:15.883 Render post: 2013/10/13/hello-world/
[error] 16:44:16.113 HexoError: Render failed: css/style.css
ParseError: /Users/wheam/code/hexo/themes/flat/source/css/_base/variable.styl:14
   10| font-serif = "Georgia", serif
   11| font-mono = Monaco, Menlo, Consolas, Courier New, monospace
   12| font-title = "微软雅黑", "Lato", Helvetica Neue, Helvetica, Arial, sans-serif
   13| 
 > 14| @import url(//fonts.googleapis.com/css?family=Lato:400,400italic)
   15| 
   16| font-icon = FontAwesome
   17| font-icon-path = 'font/fontawesome-webfont'

expected ")", got "space"

    at Parser.error (/usr/local/lib/node_modules/hexo/node_modules/stylus/lib/parser.js:166:11)
    at Parser.expect (/usr/local/lib/node_modules/hexo/node_modules/stylus/lib/parser.js:194:12)
    at Parser.url (/usr/local/lib/node_modules/hexo/node_modules/stylus/lib/parser.js:1227:10)
    at Parser.functionCall (/usr/local/lib/node_modules/hexo/node_modules/stylus/lib/parser.js:1237:52)
    at Parser.primary (/usr/local/lib/node_modules/hexo/node_modules/stylus/lib/parser.js:1611:21)
    at Parser.subscript (/usr/local/lib/node_modules/hexo/node_modules/stylus/lib/parser.js:1561:21)
    at Parser.unary (/usr/local/lib/node_modules/hexo/node_modules/stylus/lib/parser.js:1552:17)
    at Parser.defined (/usr/local/lib/node_modules/hexo/node_modules/stylus/lib/parser.js:1526:21)
    at Parser.multiplicative (/usr/local/lib/node_modules/hexo/node_modules/stylus/lib/parser.js:1500:21)
    at Parser.additive (/usr/local/lib/node_modules/hexo/node_modules/stylus/lib/parser.js:1485:21)
